Arguments: 
  C:\Program Files\nodejs\node.exe C:\Program Files (x86)\Yarn\bin\yarn.js add fuzzyset.js

PATH: 
  C:\Program Files\Git\mingw64\bin;C:\Program Files\Git\usr\bin;C:\Users\Thomas\bin;C:\WINDOWS\system32;C:\WINDOWS;C:\WINDOWS\System32\Wbem;C:\WINDOWS\System32\WindowsPowerShell\v1.0;C:\WINDOWS\System32\OpenSSH;C:\Program Files\Git\cmd;C:\Program Files\nodejs;C:\Program Files\NVIDIA Corporation\NVIDIA NvDLISR;C:\Program Files (x86)\NVIDIA Corporation\PhysX\Common;C:\Program Files (x86)\Yarn\bin;C:\Users\Thomas\AppData\Local\Microsoft\WindowsApps;C:\Users\Thomas\AppData\Local\Programs\Microsoft VS Code\bin;C:\Users\Thomas\AppData\Roaming\npm;C:\Users\Thomas\AppData\Local\Yarn\bin;C:\Users\Thomas\AppData\Local\Keybase

Yarn version: 
  1.13.0

Node version: 
  10.15.0

Platform: 
  win32 x64

Trace: 
  Error: EPERM: operation not permitted, unlink 'C:\projects\01-vue-cli\portfolio\node_modules\node-sass\vendor\win32-x64-64\binding.node'

npm manifest: 
  {
    "name": "thomas-desfossez",
    "version": "0.1.3",
    "private": true,
    "scripts": {
      "serve": "vue-cli-service serve",
      "build": "vue-cli-service build",
      "lint": "vue-cli-service lint"
    },
    "dependencies": {
      "register-service-worker": "^1.0.0",
      "uikit": "^3.0.0-rc.17",
      "vue": "^2.5.17",
      "vue-meta": "^1.5.5",
      "vue-router": "^3.0.1",
      "vue-typer": "^1.2.0",
      "vuex": "^3.0.1"
    },
    "devDependencies": {
      "@vue/cli-plugin-babel": "^3.0.5",
      "@vue/cli-plugin-eslint": "^3.0.5",
      "@vue/cli-plugin-pwa": "^3.0.5",
      "@vue/cli-service": "^3.0.5",
      "@vue/eslint-config-standard": "^3.0.5",
      "node-sass": "^4.9.0",
      "sass-loader": "^7.0.1",
      "vue-template-compiler": "^2.5.17"
    },
    "eslintConfig": {
      "root": true,
      "env": {
        "node": true
      },
      "extends": [
        "plugin:vue/essential",
        "@vue/standard"
      ],
      "rules": {},
      "parserOptions": {
        "parser": "babel-eslint"
      }
    },
    "postcss": {
      "plugins": {
        "autoprefixer": {}
      }
    },
    "browserslist": [
      "> 1%",
      "last 2 versions",
      "not ie <= 8"
    ]
  }

yarn manifest: 
  No manifest

Lockfile: 
  No lockfile
